[11:06:14] [Server thread/INFO]: Starting minecraft server version 1.11.2
[11:06:14] [Server thread/INFO]: Loading properties
[11:06:14] [Server thread/INFO]: Default game type: CREATIVE
[11:06:14] [Server thread/INFO]: This server is running CraftBukkit version git-Spigot-6de2fbc-c1aa859 (MC: 1.11.2) (Implementing API version 1.11.2-R0.1-SNAPSHOT)
[11:06:14] [Server thread/INFO]: Debug logging is disabled
[11:06:14] [Server thread/INFO]: Server Ping Player Sample Count: 12
[11:06:14] [Server thread/INFO]: Using 4 threads for Netty based IO
[11:06:14] [Server thread/INFO]: Generating keypair
[11:06:14] [Server thread/INFO]: Starting Minecraft server on *:25565
[11:06:14] [Server thread/INFO]: Using default channel type
[11:06:14] [Server thread/INFO]: Set PluginClassLoader as parallel capable
[11:06:14] [Server thread/INFO]: [SetSpawn] Loading SetSpawn v2.1
[11:06:14] [Server thread/INFO]: [RaspberryJuice] Loading RaspberryJuice v1.7
[11:06:14] [Server thread/INFO]: **** Beginning UUID conversion, this may take A LONG time ****
[11:06:14] [Server thread/INFO]: Preparing level "world"
[11:06:14] [Server thread/INFO]: -------- World Settings For [world] --------
[11:06:14] [Server thread/INFO]: Hopper Transfer: 8 Hopper Check: 8 Hopper Amount: 1
[11:06:14] [Server thread/INFO]: Entity Activation Range: An 32 / Mo 32 / Mi 16
[11:06:14] [Server thread/INFO]: Mob Spawn Range: 4
[11:06:14] [Server thread/INFO]: Structure Info Saving: true
[11:06:14] [Server thread/INFO]: Entity Tracking Range: Pl 48 / An 48 / Mo 48 / Mi 32 / Other 64
[11:06:14] [Server thread/INFO]: Random Lighting Updates: false
[11:06:14] [Server thread/INFO]: Cactus Growth Modifier: 100%
[11:06:14] [Server thread/INFO]: Cane Growth Modifier: 100%
[11:06:14] [Server thread/INFO]: Melon Growth Modifier: 100%
[11:06:14] [Server thread/INFO]: Mushroom Growth Modifier: 100%
[11:06:14] [Server thread/INFO]: Pumpkin Growth Modifier: 100%
[11:06:14] [Server thread/INFO]: Sapling Growth Modifier: 100%
[11:06:14] [Server thread/INFO]: Wheat Growth Modifier: 100%
[11:06:14] [Server thread/INFO]: NetherWart Growth Modifier: 100%
[11:06:14] [Server thread/INFO]: Vine Growth Modifier: 100%
[11:06:14] [Server thread/INFO]: Cocoa Growth Modifier: 100%
[11:06:14] [Server thread/INFO]: Max TNT Explosions: 100
[11:06:14] [Server thread/INFO]: Tile Max Tick Time: 50ms Entity max Tick Time: 50ms
[11:06:14] [Server thread/INFO]: View Distance: 10
[11:06:14] [Server thread/INFO]: Allow Zombie Pigmen to spawn from portal blocks: true
[11:06:14] [Server thread/INFO]: Item Merge Radius: 2.5
[11:06:14] [Server thread/INFO]: Item Despawn Rate: 6000
[11:06:14] [Server thread/INFO]: Arrow Despawn Rate: 1200
[11:06:14] [Server thread/INFO]: Experience Merge Radius: 3.0
[11:06:14] [Server thread/INFO]: Nerfing mobs spawned from spawners: false
[11:06:14] [Server thread/INFO]: Zombie Aggressive Towards Villager: true
[11:06:14] [Server thread/INFO]: Custom Map Seeds:  Village: 10387312 Feature: 14357617Monument: 10387313 Slime: 987234911
[11:06:15] [Server thread/INFO]: -------- World Settings For [world_nether] --------
[11:06:15] [Server thread/INFO]: Hopper Transfer: 8 Hopper Check: 8 Hopper Amount: 1
[11:06:15] [Server thread/INFO]: Entity Activation Range: An 32 / Mo 32 / Mi 16
[11:06:15] [Server thread/INFO]: Mob Spawn Range: 4
[11:06:15] [Server thread/INFO]: Structure Info Saving: true
[11:06:15] [Server thread/INFO]: Entity Tracking Range: Pl 48 / An 48 / Mo 48 / Mi 32 / Other 64
[11:06:15] [Server thread/INFO]: Random Lighting Updates: false
[11:06:15] [Server thread/INFO]: Cactus Growth Modifier: 100%
[11:06:15] [Server thread/INFO]: Cane Growth Modifier: 100%
[11:06:15] [Server thread/INFO]: Melon Growth Modifier: 100%
[11:06:15] [Server thread/INFO]: Mushroom Growth Modifier: 100%
[11:06:15] [Server thread/INFO]: Pumpkin Growth Modifier: 100%
[11:06:15] [Server thread/INFO]: Sapling Growth Modifier: 100%
[11:06:15] [Server thread/INFO]: Wheat Growth Modifier: 100%
[11:06:15] [Server thread/INFO]: NetherWart Growth Modifier: 100%
[11:06:15] [Server thread/INFO]: Vine Growth Modifier: 100%
[11:06:15] [Server thread/INFO]: Cocoa Growth Modifier: 100%
[11:06:15] [Server thread/INFO]: Max TNT Explosions: 100
[11:06:15] [Server thread/INFO]: Tile Max Tick Time: 50ms Entity max Tick Time: 50ms
[11:06:15] [Server thread/INFO]: View Distance: 10
[11:06:15] [Server thread/INFO]: Allow Zombie Pigmen to spawn from portal blocks: true
[11:06:15] [Server thread/INFO]: Item Merge Radius: 2.5
[11:06:15] [Server thread/INFO]: Item Despawn Rate: 6000
[11:06:15] [Server thread/INFO]: Arrow Despawn Rate: 1200
[11:06:15] [Server thread/INFO]: Experience Merge Radius: 3.0
[11:06:15] [Server thread/INFO]: Nerfing mobs spawned from spawners: false
[11:06:15] [Server thread/INFO]: Zombie Aggressive Towards Villager: true
[11:06:15] [Server thread/INFO]: Custom Map Seeds:  Village: 10387312 Feature: 14357617Monument: 10387313 Slime: 987234911
[11:06:15] [Server thread/INFO]: -------- World Settings For [world_the_end] --------
[11:06:15] [Server thread/INFO]: Hopper Transfer: 8 Hopper Check: 8 Hopper Amount: 1
[11:06:15] [Server thread/INFO]: Entity Activation Range: An 32 / Mo 32 / Mi 16
[11:06:15] [Server thread/INFO]: Mob Spawn Range: 4
[11:06:15] [Server thread/INFO]: Structure Info Saving: true
[11:06:15] [Server thread/INFO]: Entity Tracking Range: Pl 48 / An 48 / Mo 48 / Mi 32 / Other 64
[11:06:15] [Server thread/INFO]: Random Lighting Updates: false
[11:06:15] [Server thread/INFO]: Cactus Growth Modifier: 100%
[11:06:15] [Server thread/INFO]: Cane Growth Modifier: 100%
[11:06:15] [Server thread/INFO]: Melon Growth Modifier: 100%
[11:06:15] [Server thread/INFO]: Mushroom Growth Modifier: 100%
[11:06:15] [Server thread/INFO]: Pumpkin Growth Modifier: 100%
[11:06:15] [Server thread/INFO]: Sapling Growth Modifier: 100%
[11:06:15] [Server thread/INFO]: Wheat Growth Modifier: 100%
[11:06:15] [Server thread/INFO]: NetherWart Growth Modifier: 100%
[11:06:15] [Server thread/INFO]: Vine Growth Modifier: 100%
[11:06:15] [Server thread/INFO]: Cocoa Growth Modifier: 100%
[11:06:15] [Server thread/INFO]: Max TNT Explosions: 100
[11:06:15] [Server thread/INFO]: Tile Max Tick Time: 50ms Entity max Tick Time: 50ms
[11:06:15] [Server thread/INFO]: View Distance: 10
[11:06:15] [Server thread/INFO]: Allow Zombie Pigmen to spawn from portal blocks: true
[11:06:15] [Server thread/INFO]: Item Merge Radius: 2.5
[11:06:15] [Server thread/INFO]: Item Despawn Rate: 6000
[11:06:15] [Server thread/INFO]: Arrow Despawn Rate: 1200
[11:06:15] [Server thread/INFO]: Experience Merge Radius: 3.0
[11:06:15] [Server thread/INFO]: Nerfing mobs spawned from spawners: false
[11:06:15] [Server thread/INFO]: Zombie Aggressive Towards Villager: true
[11:06:15] [Server thread/INFO]: Custom Map Seeds:  Village: 10387312 Feature: 14357617Monument: 10387313 Slime: 987234911
[11:06:15] [Server thread/INFO]: Preparing start region for level 0 (Seed: -2744196706030577583)
[11:06:16] [Server thread/INFO]: Preparing spawn area: 84%
[11:06:16] [Server thread/INFO]: Preparing start region for level 1 (Seed: -2744196706030577583)
[11:06:16] [Server thread/INFO]: Preparing start region for level 2 (Seed: -2744196706030577583)
[11:06:16] [Server thread/INFO]: [SetSpawn] Enabling SetSpawn v2.1
[11:06:16] [Server thread/INFO]: [RaspberryJuice] Enabling RaspberryJuice v1.7
[11:06:16] [Server thread/INFO]: [RaspberryJuice] ThreadListener Started
[11:06:16] [Server thread/INFO]: Server permissions file permissions.yml is empty, ignoring it
[11:06:16] [Server thread/INFO]: Done (2.049s)! For help, type "help" or "?"
